<?xml version="1.0" encoding="UTF-8"?>
<robot generator="Robot 3.2.2 (Python 3.9.1 on win32)" generated="20210204 19:35:50.806" rpa="false">
<suite id="s1" name="Test1" source="D:\AmCortazar\WorkspacesQA\RobotFrameWork\RobotProject3\TestCases\Test1.robot">
<test id="s1-t1" name="loginTest1">
<kw name="Open Browser" library="SeleniumLibrary">
<doc>Opens a new browser instance to the optional ``url``.</doc>
<arguments>
<arg>https://opensource-demo.orangehrmlive.com/</arg>
<arg>gc</arg>
</arguments>
<msg timestamp="20210204 19:35:51.115" level="INFO">Opening browser 'gc' to base url 'https://opensource-demo.orangehrmlive.com/'.</msg>
<status status="PASS" starttime="20210204 19:35:51.114" endtime="20210204 19:35:54.202"></status>
</kw>
<kw name="Maximize Browser Window" library="SeleniumLibrary">
<doc>Maximizes current browser window.</doc>
<status status="PASS" starttime="20210204 19:35:54.203" endtime="20210204 19:35:54.332"></status>
</kw>
<kw name="Input Text" library="SeleniumLibrary">
<doc>Types the given ``text`` into the text field identified by ``locator``.</doc>
<arguments>
<arg>xpath=//input[@id='txtUsername']</arg>
<arg>Admin</arg>
</arguments>
<msg timestamp="20210204 19:35:54.333" level="INFO">Typing text 'Admin' into text field 'xpath=//input[@id='txtUsername']'.</msg>
<status status="PASS" starttime="20210204 19:35:54.333" endtime="20210204 19:35:54.482"></status>
</kw>
<kw name="Input Password" library="SeleniumLibrary">
<doc>Types the given password into the text field identified by ``locator``.</doc>
<arguments>
<arg>xpath=//input[@id='txtPassword']</arg>
<arg>admin123</arg>
</arguments>
<msg timestamp="20210204 19:35:54.485" level="INFO">Typing password into text field 'xpath=//input[@id='txtPassword']'.</msg>
<msg timestamp="20210204 19:35:54.548" level="INFO">Temporally setting log level to: NONE</msg>
<msg timestamp="20210204 19:35:54.612" level="INFO">Log level changed from NONE to INFO.</msg>
<status status="PASS" starttime="20210204 19:35:54.484" endtime="20210204 19:35:54.612"></status>
</kw>
<kw name="Click Button" library="SeleniumLibrary">
<doc>Clicks the button identified by ``locator``.</doc>
<arguments>
<arg>xpath=//input[@id='btnLogin']</arg>
</arguments>
<msg timestamp="20210204 19:35:54.613" level="INFO">Clicking button 'xpath=//input[@id='btnLogin']'.</msg>
<status status="PASS" starttime="20210204 19:35:54.613" endtime="20210204 19:35:55.712"></status>
</kw>
<status status="PASS" starttime="20210204 19:35:51.112" endtime="20210204 19:35:55.713" critical="yes"></status>
</test>
<test id="s1-t2" name="logoffTest2">
<kw name="Open Browser" library="SeleniumLibrary">
<doc>Opens a new browser instance to the optional ``url``.</doc>
<arguments>
<arg>https://opensource-demo.orangehrmlive.com/</arg>
<arg>gc</arg>
</arguments>
<msg timestamp="20210204 19:35:55.717" level="INFO">Opening browser 'gc' to base url 'https://opensource-demo.orangehrmlive.com/'.</msg>
<status status="PASS" starttime="20210204 19:35:55.716" endtime="20210204 19:36:00.653"></status>
</kw>
<kw name="Maximize Browser Window" library="SeleniumLibrary">
<doc>Maximizes current browser window.</doc>
<status status="PASS" starttime="20210204 19:36:00.654" endtime="20210204 19:36:00.792"></status>
</kw>
<kw name="Input Text" library="SeleniumLibrary">
<doc>Types the given ``text`` into the text field identified by ``locator``.</doc>
<arguments>
<arg>xpath=//input[@id='txtUsername']</arg>
<arg>Admin</arg>
</arguments>
<msg timestamp="20210204 19:36:00.793" level="INFO">Typing text 'Admin' into text field 'xpath=//input[@id='txtUsername']'.</msg>
<status status="PASS" starttime="20210204 19:36:00.793" endtime="20210204 19:36:00.944"></status>
</kw>
<kw name="Input Password" library="SeleniumLibrary">
<doc>Types the given password into the text field identified by ``locator``.</doc>
<arguments>
<arg>xpath=//input[@id='txtPassword']</arg>
<arg>admin123</arg>
</arguments>
<msg timestamp="20210204 19:36:00.946" level="INFO">Typing password into text field 'xpath=//input[@id='txtPassword']'.</msg>
<msg timestamp="20210204 19:36:01.010" level="INFO">Temporally setting log level to: NONE</msg>
<msg timestamp="20210204 19:36:01.077" level="INFO">Log level changed from NONE to INFO.</msg>
<status status="PASS" starttime="20210204 19:36:00.945" endtime="20210204 19:36:01.077"></status>
</kw>
<kw name="Click Button" library="SeleniumLibrary">
<doc>Clicks the button identified by ``locator``.</doc>
<arguments>
<arg>xpath=//input[@id='btnLogin']</arg>
</arguments>
<msg timestamp="20210204 19:36:01.078" level="INFO">Clicking button 'xpath=//input[@id='btnLogin']'.</msg>
<status status="PASS" starttime="20210204 19:36:01.078" endtime="20210204 19:36:02.161"></status>
</kw>
<kw name="Click Link" library="SeleniumLibrary">
<doc>Clicks a link identified by ``locator``.</doc>
<arguments>
<arg>xpath=//a[@id='welcome']</arg>
</arguments>
<msg timestamp="20210204 19:36:02.162" level="INFO">Clicking link 'xpath=//a[@id='welcome']'.</msg>
<status status="PASS" starttime="20210204 19:36:02.162" endtime="20210204 19:36:02.446"></status>
</kw>
<kw name="Click Link" library="SeleniumLibrary">
<doc>Clicks a link identified by ``locator``.</doc>
<arguments>
<arg>link=Logout</arg>
</arguments>
<msg timestamp="20210204 19:36:02.448" level="INFO">Clicking link 'link=Logout'.</msg>
<status status="PASS" starttime="20210204 19:36:02.447" endtime="20210204 19:36:02.883"></status>
</kw>
<status status="PASS" starttime="20210204 19:35:55.715" endtime="20210204 19:36:02.884" critical="yes"></status>
</test>
<test id="s1-t3" name="loginTest3">
<kw name="Open Browser" library="SeleniumLibrary">
<doc>Opens a new browser instance to the optional ``url``.</doc>
<arguments>
<arg>https://opensource-demo.orangehrmlive.com/</arg>
<arg>gc</arg>
</arguments>
<msg timestamp="20210204 19:36:02.886" level="INFO">Opening browser 'gc' to base url 'https://opensource-demo.orangehrmlive.com/'.</msg>
<status status="PASS" starttime="20210204 19:36:02.886" endtime="20210204 19:36:05.937"></status>
</kw>
<kw name="Maximize Browser Window" library="SeleniumLibrary">
<doc>Maximizes current browser window.</doc>
<status status="PASS" starttime="20210204 19:36:05.938" endtime="20210204 19:36:06.086"></status>
</kw>
<kw name="Get Selenium Timeout" library="SeleniumLibrary">
<doc>Gets the timeout that is used by various keywords.</doc>
<assign>
<var>${timeOut}</var>
</assign>
<msg timestamp="20210204 19:36:06.087" level="INFO">${timeOut} = 5 seconds</msg>
<status status="PASS" starttime="20210204 19:36:06.087" endtime="20210204 19:36:06.087"></status>
</kw>
<kw name="Log To Console" library="BuiltIn">
<doc>Logs the given message to the console.</doc>
<arguments>
<arg>${timeOut}</arg>
</arguments>
<status status="PASS" starttime="20210204 19:36:06.087" endtime="20210204 19:36:06.088"></status>
</kw>
<kw name="Get Selenium Timeout" library="SeleniumLibrary">
<doc>Gets the timeout that is used by various keywords.</doc>
<assign>
<var>${timeOut}</var>
</assign>
<msg timestamp="20210204 19:36:06.089" level="INFO">${timeOut} = 5 seconds</msg>
<status status="PASS" starttime="20210204 19:36:06.089" endtime="20210204 19:36:06.089"></status>
</kw>
<kw name="Log To Console" library="BuiltIn">
<doc>Logs the given message to the console.</doc>
<arguments>
<arg>${timeOut}</arg>
</arguments>
<status status="PASS" starttime="20210204 19:36:06.089" endtime="20210204 19:36:06.091"></status>
</kw>
<kw name="Input Text" library="SeleniumLibrary">
<doc>Types the given ``text`` into the text field identified by ``locator``.</doc>
<arguments>
<arg>xpath=//input[@id='txtUsername']</arg>
<arg>Admin</arg>
</arguments>
<msg timestamp="20210204 19:36:06.092" level="INFO">Typing text 'Admin' into text field 'xpath=//input[@id='txtUsername']'.</msg>
<status status="PASS" starttime="20210204 19:36:06.091" endtime="20210204 19:36:06.227"></status>
</kw>
<kw name="Input Password" library="SeleniumLibrary">
<doc>Types the given password into the text field identified by ``locator``.</doc>
<arguments>
<arg>xpath=//input[@id='txtPassword']</arg>
<arg>admin123</arg>
</arguments>
<msg timestamp="20210204 19:36:06.247" level="INFO">Typing password into text field 'xpath=//input[@id='txtPassword']'.</msg>
<msg timestamp="20210204 19:36:06.326" level="INFO">Temporally setting log level to: NONE</msg>
<msg timestamp="20210204 19:36:06.421" level="INFO">Log level changed from NONE to INFO.</msg>
<status status="PASS" starttime="20210204 19:36:06.229" endtime="20210204 19:36:06.421"></status>
</kw>
<kw name="Click Button" library="SeleniumLibrary">
<doc>Clicks the button identified by ``locator``.</doc>
<arguments>
<arg>xpath=//input[@id='btnLogin']</arg>
</arguments>
<msg timestamp="20210204 19:36:06.422" level="INFO">Clicking button 'xpath=//input[@id='btnLogin']'.</msg>
<status status="PASS" starttime="20210204 19:36:06.422" endtime="20210204 19:36:07.548"></status>
</kw>
<kw name="Wait Until Page Contains" library="SeleniumLibrary">
<doc>Waits until ``text`` appears on the current page.</doc>
<arguments>
<arg>Dashboard</arg>
</arguments>
<status status="PASS" starttime="20210204 19:36:07.549" endtime="20210204 19:36:07.571"></status>
</kw>
<status status="PASS" starttime="20210204 19:36:02.885" endtime="20210204 19:36:07.572" critical="yes"></status>
</test>
<test id="s1-t4" name="loginTest4">
<kw name="Open Browser" library="SeleniumLibrary">
<doc>Opens a new browser instance to the optional ``url``.</doc>
<arguments>
<arg>https://opensource-demo.orangehrmlive.com/</arg>
<arg>gc</arg>
</arguments>
<msg timestamp="20210204 19:36:07.575" level="INFO">Opening browser 'gc' to base url 'https://opensource-demo.orangehrmlive.com/'.</msg>
<status status="PASS" starttime="20210204 19:36:07.575" endtime="20210204 19:36:10.467"></status>
</kw>
<kw name="Maximize Browser Window" library="SeleniumLibrary">
<doc>Maximizes current browser window.</doc>
<status status="PASS" starttime="20210204 19:36:10.468" endtime="20210204 19:36:10.602"></status>
</kw>
<kw name="Input Text" library="SeleniumLibrary">
<doc>Types the given ``text`` into the text field identified by ``locator``.</doc>
<arguments>
<arg>xpath=//input[@id='txtUsername']</arg>
<arg>Admin</arg>
</arguments>
<msg timestamp="20210204 19:36:10.604" level="INFO">Typing text 'Admin' into text field 'xpath=//input[@id='txtUsername']'.</msg>
<status status="PASS" starttime="20210204 19:36:10.604" endtime="20210204 19:36:10.764"></status>
</kw>
<kw name="Input Password" library="SeleniumLibrary">
<doc>Types the given password into the text field identified by ``locator``.</doc>
<arguments>
<arg>xpath=//input[@id='txtPassword']</arg>
<arg>admin123</arg>
</arguments>
<msg timestamp="20210204 19:36:10.765" level="INFO">Typing password into text field 'xpath=//input[@id='txtPassword']'.</msg>
<msg timestamp="20210204 19:36:10.829" level="INFO">Temporally setting log level to: NONE</msg>
<msg timestamp="20210204 19:36:10.895" level="INFO">Log level changed from NONE to INFO.</msg>
<status status="PASS" starttime="20210204 19:36:10.764" endtime="20210204 19:36:10.895"></status>
</kw>
<kw name="Click Button" library="SeleniumLibrary">
<doc>Clicks the button identified by ``locator``.</doc>
<arguments>
<arg>xpath=//input[@id='btnLogin']</arg>
</arguments>
<msg timestamp="20210204 19:36:10.897" level="INFO">Clicking button 'xpath=//input[@id='btnLogin']'.</msg>
<status status="PASS" starttime="20210204 19:36:10.896" endtime="20210204 19:36:11.880"></status>
</kw>
<status status="PASS" starttime="20210204 19:36:07.573" endtime="20210204 19:36:11.881" critical="yes"></status>
</test>
<status status="PASS" starttime="20210204 19:35:50.810" endtime="20210204 19:36:11.883"></status>
</suite>
<statistics>
<total>
<stat pass="4" fail="0">Critical Tests</stat>
<stat pass="4" fail="0">All Tests</stat>
</total>
<tag>
</tag>
<suite>
<stat pass="4" fail="0" id="s1" name="Test1">Test1</stat>
</suite>
</statistics>
<errors>
</errors>
</robot>
